<?xml version="1.0" encoding="UTF-8"?>
<!-- Generated by org.testng.reporters.JUnitReportReporter -->
<testsuite hostname="SST-LAP-LEN0034" name="com.api.tests.DELETEAPICall" tests="1" failures="0" timestamp="23 Apr 2020 20:49:11 GMT" time="2.455" errors="0">
  <testcase name="deleteUserWithDELETEAPI" time="2.455" classname="com.api.tests.DELETEAPICall"/>
</testsuite> <!-- com.api.tests.DELETEAPICall -->
